0 info it worked if it ends with ok
1 verbose cli [ 'node',
1 verbose cli   '/usr/local/bin/npm',
1 verbose cli   'i',
1 verbose cli   'gulp',
1 verbose cli   'coffee-script',
1 verbose cli   'gulp-jade',
1 verbose cli   'gulp-stylus',
1 verbose cli   'gulp-coffee',
1 verbose cli   '--save-dev' ]
2 info using npm@1.4.28
3 info using node@v0.10.33
4 verbose cache add [ 'gulp', null ]
5 verbose cache add name=undefined spec="gulp" args=["gulp",null]
6 verbose parsed url { protocol: null,
6 verbose parsed url   slashes: null,
6 verbose parsed url   auth: null,
6 verbose parsed url   host: null,
6 verbose parsed url   port: null,
6 verbose parsed url   hostname: null,
6 verbose parsed url   hash: null,
6 verbose parsed url   search: null,
6 verbose parsed url   query: null,
6 verbose parsed url   pathname: 'gulp',
6 verbose parsed url   path: 'gulp',
6 verbose parsed url   href: 'gulp' }
7 verbose cache add [ 'coffee-script', null ]
8 verbose cache add name=undefined spec="coffee-script" args=["coffee-script",null]
9 verbose parsed url { protocol: null,
9 verbose parsed url   slashes: null,
9 verbose parsed url   auth: null,
9 verbose parsed url   host: null,
9 verbose parsed url   port: null,
9 verbose parsed url   hostname: null,
9 verbose parsed url   hash: null,
9 verbose parsed url   search: null,
9 verbose parsed url   query: null,
9 verbose parsed url   pathname: 'coffee-script',
9 verbose parsed url   path: 'coffee-script',
9 verbose parsed url   href: 'coffee-script' }
10 verbose cache add [ 'gulp-jade', null ]
11 verbose cache add name=undefined spec="gulp-jade" args=["gulp-jade",null]
12 verbose parsed url { protocol: null,
12 verbose parsed url   slashes: null,
12 verbose parsed url   auth: null,
12 verbose parsed url   host: null,
12 verbose parsed url   port: null,
12 verbose parsed url   hostname: null,
12 verbose parsed url   hash: null,
12 verbose parsed url   search: null,
12 verbose parsed url   query: null,
12 verbose parsed url   pathname: 'gulp-jade',
12 verbose parsed url   path: 'gulp-jade',
12 verbose parsed url   href: 'gulp-jade' }
13 verbose cache add [ 'gulp-stylus', null ]
14 verbose cache add name=undefined spec="gulp-stylus" args=["gulp-stylus",null]
15 verbose parsed url { protocol: null,
15 verbose parsed url   slashes: null,
15 verbose parsed url   auth: null,
15 verbose parsed url   host: null,
15 verbose parsed url   port: null,
15 verbose parsed url   hostname: null,
15 verbose parsed url   hash: null,
15 verbose parsed url   search: null,
15 verbose parsed url   query: null,
15 verbose parsed url   pathname: 'gulp-stylus',
15 verbose parsed url   path: 'gulp-stylus',
15 verbose parsed url   href: 'gulp-stylus' }
16 verbose cache add [ 'gulp-coffee', null ]
17 verbose cache add name=undefined spec="gulp-coffee" args=["gulp-coffee",null]
18 verbose parsed url { protocol: null,
18 verbose parsed url   slashes: null,
18 verbose parsed url   auth: null,
18 verbose parsed url   host: null,
18 verbose parsed url   port: null,
18 verbose parsed url   hostname: null,
18 verbose parsed url   hash: null,
18 verbose parsed url   search: null,
18 verbose parsed url   query: null,
18 verbose parsed url   pathname: 'gulp-coffee',
18 verbose parsed url   path: 'gulp-coffee',
18 verbose parsed url   href: 'gulp-coffee' }
19 silly lockFile 9750c68d-gulp gulp
20 verbose lock gulp /Users/mac/.npm/9750c68d-gulp.lock
21 silly lockFile ab358269-coffee-script coffee-script
22 verbose lock coffee-script /Users/mac/.npm/ab358269-coffee-script.lock
23 silly lockFile bc9b1cea-gulp-jade gulp-jade
24 verbose lock gulp-jade /Users/mac/.npm/bc9b1cea-gulp-jade.lock
25 silly lockFile edf56ce6-gulp-stylus gulp-stylus
26 verbose lock gulp-stylus /Users/mac/.npm/edf56ce6-gulp-stylus.lock
27 silly lockFile 6c91f5e3-gulp-coffee gulp-coffee
28 verbose lock gulp-coffee /Users/mac/.npm/6c91f5e3-gulp-coffee.lock
29 silly lockFile 9750c68d-gulp gulp
30 silly lockFile 9750c68d-gulp gulp
31 silly lockFile ab358269-coffee-script coffee-script
32 silly lockFile ab358269-coffee-script coffee-script
33 silly lockFile bc9b1cea-gulp-jade gulp-jade
34 silly lockFile bc9b1cea-gulp-jade gulp-jade
35 verbose addNamed [ 'gulp', '' ]
36 verbose addNamed [ null, '*' ]
37 silly lockFile 72f4391e-gulp gulp@
38 verbose lock gulp@ /Users/mac/.npm/72f4391e-gulp.lock
39 verbose addNamed [ 'gulp-jade', '' ]
40 verbose addNamed [ null, '*' ]
41 silly lockFile 3f0d61c6-gulp-jade gulp-jade@
42 verbose lock gulp-jade@ /Users/mac/.npm/3f0d61c6-gulp-jade.lock
43 verbose addNamed [ 'coffee-script', '' ]
44 verbose addNamed [ null, '*' ]
45 silly lockFile 53951495-coffee-script coffee-script@
46 verbose lock coffee-script@ /Users/mac/.npm/53951495-coffee-script.lock
47 silly addNameRange { name: 'gulp', range: '*', hasData: false }
48 silly addNameRange { name: 'gulp-jade', range: '*', hasData: false }
49 silly lockFile edf56ce6-gulp-stylus gulp-stylus
50 silly lockFile edf56ce6-gulp-stylus gulp-stylus
51 silly lockFile 6c91f5e3-gulp-coffee gulp-coffee
52 silly lockFile 6c91f5e3-gulp-coffee gulp-coffee
53 silly addNameRange { name: 'coffee-script', range: '*', hasData: false }
54 verbose addNamed [ 'gulp-stylus', '' ]
55 verbose addNamed [ null, '*' ]
56 silly lockFile a924a3a8-gulp-stylus gulp-stylus@
57 verbose lock gulp-stylus@ /Users/mac/.npm/a924a3a8-gulp-stylus.lock
58 verbose addNamed [ 'gulp-coffee', '' ]
59 verbose addNamed [ null, '*' ]
60 silly lockFile 38c555ff-gulp-coffee gulp-coffee@
61 verbose lock gulp-coffee@ /Users/mac/.npm/38c555ff-gulp-coffee.lock
62 silly addNameRange { name: 'gulp-stylus', range: '*', hasData: false }
63 silly addNameRange { name: 'gulp-coffee', range: '*', hasData: false }
64 verbose request where is /gulp
65 verbose request registry https://registry.npmjs.org/
66 verbose request id 0cfdcb4f484466f6
67 verbose url raw /gulp
68 verbose url resolving [ 'https://registry.npmjs.org/', './gulp' ]
69 verbose url resolved https://registry.npmjs.org/gulp
70 verbose request where is https://registry.npmjs.org/gulp
71 info trying registry request attempt 1 at 17:03:06
72 verbose etag "4Q1LRG2JA1EEK6BBX8TT6J1HM"
73 http GET https://registry.npmjs.org/gulp
74 verbose request where is /gulp-jade
75 verbose request registry https://registry.npmjs.org/
76 verbose url raw /gulp-jade
77 verbose url resolving [ 'https://registry.npmjs.org/', './gulp-jade' ]
78 verbose url resolved https://registry.npmjs.org/gulp-jade
79 verbose request where is https://registry.npmjs.org/gulp-jade
80 info trying registry request attempt 1 at 17:03:06
81 verbose etag "BRE897F1OWSRSKE56SICVI1E4"
82 http GET https://registry.npmjs.org/gulp-jade
83 verbose request where is /coffee-script
84 verbose request registry https://registry.npmjs.org/
85 verbose url raw /coffee-script
86 verbose url resolving [ 'https://registry.npmjs.org/', './coffee-script' ]
87 verbose url resolved https://registry.npmjs.org/coffee-script
88 verbose request where is https://registry.npmjs.org/coffee-script
89 info trying registry request attempt 1 at 17:03:06
90 verbose etag "54YXBS7AK62V2VB8ZL3OH848H"
91 http GET https://registry.npmjs.org/coffee-script
92 verbose request where is /gulp-coffee
93 verbose request registry https://registry.npmjs.org/
94 verbose url raw /gulp-coffee
95 verbose url resolving [ 'https://registry.npmjs.org/', './gulp-coffee' ]
96 verbose url resolved https://registry.npmjs.org/gulp-coffee
97 verbose request where is https://registry.npmjs.org/gulp-coffee
98 info trying registry request attempt 1 at 17:03:06
99 verbose etag "3VSZLV5NH5R4MK0W75KJ83JZ"
100 http GET https://registry.npmjs.org/gulp-coffee
101 verbose request where is /gulp-stylus
102 verbose request registry https://registry.npmjs.org/
103 verbose url raw /gulp-stylus
104 verbose url resolving [ 'https://registry.npmjs.org/', './gulp-stylus' ]
105 verbose url resolved https://registry.npmjs.org/gulp-stylus
106 verbose request where is https://registry.npmjs.org/gulp-stylus
107 info trying registry request attempt 1 at 17:03:06
108 verbose etag "7C8DBRFC7RFJYQ1ERJMAQWTNR"
109 http GET https://registry.npmjs.org/gulp-stylus
110 http 304 https://registry.npmjs.org/gulp-jade
111 silly registry.get cb [ 304,
111 silly registry.get   { date: 'Sat, 26 Sep 2015 14:02:16 GMT',
111 silly registry.get     via: '1.1 varnish',
111 silly registry.get     'cache-control': 'max-age=60',
111 silly registry.get     etag: '"BRE897F1OWSRSKE56SICVI1E4"',
111 silly registry.get     age: '0',
111 silly registry.get     connection: 'keep-alive',
111 silly registry.get     'x-served-by': 'cache-fra1242-FRA',
111 silly registry.get     'x-cache': 'HIT',
111 silly registry.get     'x-cache-hits': '1',
111 silly registry.get     'x-timer': 'S1443276136.356246,VS0,VE414',
111 silly registry.get     vary: 'Accept' } ]
112 verbose etag https://registry.npmjs.org/gulp-jade from cache
113 silly addNameRange number 2 { name: 'gulp-jade', range: '*', hasData: true }
114 silly addNameRange versions [ 'gulp-jade',
114 silly addNameRange   [ '0.0.1',
114 silly addNameRange     '0.0.2',
114 silly addNameRange     '0.0.3',
114 silly addNameRange     '0.1.0',
114 silly addNameRange     '0.2.0',
114 silly addNameRange     '0.3.0',
114 silly addNameRange     '0.4.0',
114 silly addNameRange     '0.4.1',
114 silly addNameRange     '0.4.2',
114 silly addNameRange     '0.5.0',
114 silly addNameRange     '0.6.0',
114 silly addNameRange     '0.6.1',
114 silly addNameRange     '0.7.0',
114 silly addNameRange     '0.8.0',
114 silly addNameRange     '0.9.0',
114 silly addNameRange     '0.10.0',
114 silly addNameRange     '0.11.0',
114 silly addNameRange     '1.0.0',
114 silly addNameRange     '1.0.1',
114 silly addNameRange     '1.1.0' ] ]
115 verbose addNamed [ 'gulp-jade', '1.1.0' ]
116 verbose addNamed [ '1.1.0', '1.1.0' ]
117 silly lockFile 17d19521-gulp-jade-1-1-0 gulp-jade@1.1.0
118 verbose lock gulp-jade@1.1.0 /Users/mac/.npm/17d19521-gulp-jade-1-1-0.lock
119 silly lockFile 17d19521-gulp-jade-1-1-0 gulp-jade@1.1.0
120 silly lockFile 17d19521-gulp-jade-1-1-0 gulp-jade@1.1.0
121 silly lockFile 3f0d61c6-gulp-jade gulp-jade@
122 silly lockFile 3f0d61c6-gulp-jade gulp-jade@
123 http 304 https://registry.npmjs.org/gulp
124 silly registry.get cb [ 304,
124 silly registry.get   { date: 'Sat, 26 Sep 2015 14:02:16 GMT',
124 silly registry.get     via: '1.1 varnish',
124 silly registry.get     'cache-control': 'max-age=60',
124 silly registry.get     etag: '"4Q1LRG2JA1EEK6BBX8TT6J1HM"',
124 silly registry.get     age: '43',
124 silly registry.get     connection: 'keep-alive',
124 silly registry.get     'x-served-by': 'cache-fra1246-FRA',
124 silly registry.get     'x-cache': 'HIT',
124 silly registry.get     'x-cache-hits': '1',
124 silly registry.get     'x-timer': 'S1443276136.868154,VS0,VE0',
124 silly registry.get     vary: 'Accept' } ]
125 verbose etag https://registry.npmjs.org/gulp from cache
126 silly addNameRange number 2 { name: 'gulp', range: '*', hasData: true }
127 silly addNameRange versions [ 'gulp',
127 silly addNameRange   [ '0.0.1',
127 silly addNameRange     '0.0.2',
127 silly addNameRange     '0.0.3',
127 silly addNameRange     '0.0.4',
127 silly addNameRange     '0.0.5',
127 silly addNameRange     '0.0.7',
127 silly addNameRange     '0.0.8',
127 silly addNameRange     '0.0.9',
127 silly addNameRange     '0.1.0',
127 silly addNameRange     '0.2.0',
127 silly addNameRange     '1.0.0',
127 silly addNameRange     '1.1.0',
127 silly addNameRange     '1.2.0',
127 silly addNameRange     '1.2.1',
127 silly addNameRange     '2.0.0',
127 silly addNameRange     '2.0.1',
127 silly addNameRange     '2.1.0',
127 silly addNameRange     '2.2.0',
127 silly addNameRange     '2.3.0',
127 silly addNameRange     '2.4.0',
127 silly addNameRange     '2.4.1',
127 silly addNameRange     '2.6.0',
127 silly addNameRange     '2.6.1',
127 silly addNameRange     '2.7.0',
127 silly addNameRange     '3.0.0',
127 silly addNameRange     '3.1.1',
127 silly addNameRange     '3.1.2',
127 silly addNameRange     '3.1.3',
127 silly addNameRange     '3.1.4',
127 silly addNameRange     '3.2.0',
127 silly addNameRange     '3.2.1',
127 silly addNameRange     '3.2.2',
127 silly addNameRange     '3.2.3',
127 silly addNameRange     '3.2.4',
127 silly addNameRange     '3.2.5',
127 silly addNameRange     '3.3.0',
127 silly addNameRange     '3.3.1',
127 silly addNameRange     '3.3.2',
127 silly addNameRange     '3.3.4',
127 silly addNameRange     '3.4.0',
127 silly addNameRange     '3.5.0',
127 silly addNameRange     '3.5.1',
127 silly addNameRange     '3.5.2',
127 silly addNameRange     '3.5.5',
127 silly addNameRange     '3.5.6',
127 silly addNameRange     '3.6.0',
127 silly addNameRange     '3.6.1',
127 silly addNameRange     '3.6.2',
127 silly addNameRange     '3.7.0',
127 silly addNameRange     '3.8.0',
127 silly addNameRange     '3.8.1',
127 silly addNameRange     '3.8.2',
127 silly addNameRange     '3.8.3',
127 silly addNameRange     '3.8.4',
127 silly addNameRange     '3.8.5',
127 silly addNameRange     '3.8.6',
127 silly addNameRange     '3.8.7',
127 silly addNameRange     '3.8.8',
127 silly addNameRange     '3.8.9',
127 silly addNameRange     '3.8.10',
127 silly addNameRange     '3.8.11',
127 silly addNameRange     '3.9.0' ] ]
128 verbose addNamed [ 'gulp', '3.9.0' ]
129 verbose addNamed [ '3.9.0', '3.9.0' ]
130 silly lockFile c2697a61-gulp-3-9-0 gulp@3.9.0
131 verbose lock gulp@3.9.0 /Users/mac/.npm/c2697a61-gulp-3-9-0.lock
132 silly lockFile c2697a61-gulp-3-9-0 gulp@3.9.0
133 silly lockFile c2697a61-gulp-3-9-0 gulp@3.9.0
134 silly lockFile 72f4391e-gulp gulp@
135 silly lockFile 72f4391e-gulp gulp@
136 http 304 https://registry.npmjs.org/gulp-coffee
137 silly registry.get cb [ 304,
137 silly registry.get   { date: 'Sat, 26 Sep 2015 14:02:17 GMT',
137 silly registry.get     via: '1.1 varnish',
137 silly registry.get     'cache-control': 'max-age=60',
137 silly registry.get     etag: '"3VSZLV5NH5R4MK0W75KJ83JZ"',
137 silly registry.get     age: '0',
137 silly registry.get     connection: 'keep-alive',
137 silly registry.get     'x-served-by': 'cache-fra1220-FRA',
137 silly registry.get     'x-cache': 'HIT',
137 silly registry.get     'x-cache-hits': '1',
137 silly registry.get     'x-timer': 'S1443276137.659952,VS0,VE174',
137 silly registry.get     vary: 'Accept' } ]
138 verbose etag https://registry.npmjs.org/gulp-coffee from cache
139 silly addNameRange number 2 { name: 'gulp-coffee', range: '*', hasData: true }
140 silly addNameRange versions [ 'gulp-coffee',
140 silly addNameRange   [ '0.0.1',
140 silly addNameRange     '1.1.0',
140 silly addNameRange     '1.2.0',
140 silly addNameRange     '1.2.1',
140 silly addNameRange     '1.2.2',
140 silly addNameRange     '1.2.4',
140 silly addNameRange     '1.2.5',
140 silly addNameRange     '1.3.0',
140 silly addNameRange     '1.4.0',
140 silly addNameRange     '1.4.1',
140 silly addNameRange     '1.4.2',
140 silly addNameRange     '1.4.3',
140 silly addNameRange     '2.0.0',
140 silly addNameRange     '2.0.1',
140 silly addNameRange     '2.1.0',
140 silly addNameRange     '2.1.1',
140 silly addNameRange     '2.1.2',
140 silly addNameRange     '2.2.0',
140 silly addNameRange     '2.2.1',
140 silly addNameRange     '2.3.1' ] ]
141 verbose addNamed [ 'gulp-coffee', '2.3.1' ]
142 verbose addNamed [ '2.3.1', '2.3.1' ]
143 silly lockFile a0c5f4b6-gulp-coffee-2-3-1 gulp-coffee@2.3.1
144 verbose lock gulp-coffee@2.3.1 /Users/mac/.npm/a0c5f4b6-gulp-coffee-2-3-1.lock
145 silly lockFile a0c5f4b6-gulp-coffee-2-3-1 gulp-coffee@2.3.1
146 silly lockFile a0c5f4b6-gulp-coffee-2-3-1 gulp-coffee@2.3.1
147 silly lockFile 38c555ff-gulp-coffee gulp-coffee@
148 silly lockFile 38c555ff-gulp-coffee gulp-coffee@
149 http 200 https://registry.npmjs.org/coffee-script
150 silly registry.get cb [ 200,
150 silly registry.get   { server: 'CouchDB/1.5.0 (Erlang OTP/R16B03)',
150 silly registry.get     etag: '"51QE2SRG1308OKWQZKY2BCZT6"',
150 silly registry.get     'content-type': 'application/json',
150 silly registry.get     'cache-control': 'max-age=60',
150 silly registry.get     'content-length': '40853',
150 silly registry.get     'accept-ranges': 'bytes',
150 silly registry.get     date: 'Sat, 26 Sep 2015 14:02:16 GMT',
150 silly registry.get     via: '1.1 varnish',
150 silly registry.get     age: '15',
150 silly registry.get     connection: 'keep-alive',
150 silly registry.get     'x-served-by': 'cache-fra1225-FRA',
150 silly registry.get     'x-cache': 'HIT',
150 silly registry.get     'x-cache-hits': '1',
150 silly registry.get     'x-timer': 'S1443276136.149628,VS0,VE0',
150 silly registry.get     vary: 'Accept' } ]
151 silly addNameRange number 2 { name: 'coffee-script', range: '*', hasData: true }
152 silly addNameRange versions [ 'coffee-script',
152 silly addNameRange   [ '0.7.0',
152 silly addNameRange     '0.7.1',
152 silly addNameRange     '0.7.2',
152 silly addNameRange     '0.9.0',
152 silly addNameRange     '0.9.1',
152 silly addNameRange     '0.9.2',
152 silly addNameRange     '0.9.3',
152 silly addNameRange     '0.9.4',
152 silly addNameRange     '0.9.5',
152 silly addNameRange     '0.9.6',
152 silly addNameRange     '1.0.0',
152 silly addNameRange     '1.0.1',
152 silly addNameRange     '1.1.0',
152 silly addNameRange     '1.1.1',
152 silly addNameRange     '1.1.2',
152 silly addNameRange     '1.1.3',
152 silly addNameRange     '1.2.0',
152 silly addNameRange     '1.3.0',
152 silly addNameRange     '1.3.1',
152 silly addNameRange     '1.3.2',
152 silly addNameRange     '1.3.3',
152 silly addNameRange     '1.4.0',
152 silly addNameRange     '1.5.0',
152 silly addNameRange     '1.6.0',
152 silly addNameRange     '1.6.1',
152 silly addNameRange     '1.6.2',
152 silly addNameRange     '1.6.3',
152 silly addNameRange     '1.7.0',
152 silly addNameRange     '1.7.1',
152 silly addNameRange     '1.8.0',
152 silly addNameRange     '1.9.0',
152 silly addNameRange     '1.9.1',
152 silly addNameRange     '1.9.2',
152 silly addNameRange     '1.9.3',
152 silly addNameRange     '1.10.0' ] ]
153 verbose addNamed [ 'coffee-script', '1.10.0' ]
154 verbose addNamed [ '1.10.0', '1.10.0' ]
155 silly lockFile 202ccfd7-coffee-script-1-10-0 coffee-script@1.10.0
156 verbose lock coffee-script@1.10.0 /Users/mac/.npm/202ccfd7-coffee-script-1-10-0.lock
157 silly lockFile 866fbf15--script-coffee-script-1-10-0-tgz https://registry.npmjs.org/coffee-script/-/coffee-script-1.10.0.tgz
158 verbose lock https://registry.npmjs.org/coffee-script/-/coffee-script-1.10.0.tgz /Users/mac/.npm/866fbf15--script-coffee-script-1-10-0-tgz.lock
159 verbose addRemoteTarball [ 'https://registry.npmjs.org/coffee-script/-/coffee-script-1.10.0.tgz',
159 verbose addRemoteTarball   '12938bcf9be1948fa006f92e0c4c9e81705108c0' ]
160 info retry fetch attempt 1 at 17:03:09
161 verbose fetch to= /var/folders/bl/765r3yk57ds0d_s63p99y6gh0000gn/T/npm-7578-9q4fuH5W/registry.npmjs.org/coffee-script/-/coffee-script-1.10.0.tgz
162 http GET https://registry.npmjs.org/coffee-script/-/coffee-script-1.10.0.tgz
163 http 200 https://registry.npmjs.org/gulp-stylus
164 silly registry.get cb [ 200,
164 silly registry.get   { server: 'CouchDB/1.5.0 (Erlang OTP/R16B03)',
164 silly registry.get     etag: '"14NZY6EJ5Q21ND8X5VQU9SEJI"',
164 silly registry.get     'content-type': 'application/json',
164 silly registry.get     'cache-control': 'max-age=60',
164 silly registry.get     'content-length': '49344',
164 silly registry.get     'accept-ranges': 'bytes',
164 silly registry.get     date: 'Sat, 26 Sep 2015 14:02:17 GMT',
164 silly registry.get     via: '1.1 varnish',
164 silly registry.get     age: '0',
164 silly registry.get     connection: 'keep-alive',
164 silly registry.get     'x-served-by': 'cache-fra1223-FRA',
164 silly registry.get     'x-cache': 'HIT',
164 silly registry.get     'x-cache-hits': '1',
164 silly registry.get     'x-timer': 'S1443276136.706931,VS0,VE706',
164 silly registry.get     vary: 'Accept' } ]
165 silly addNameRange number 2 { name: 'gulp-stylus', range: '*', hasData: true }
166 silly addNameRange versions [ 'gulp-stylus',
166 silly addNameRange   [ '0.0.2',
166 silly addNameRange     '0.0.3',
166 silly addNameRange     '0.0.4',
166 silly addNameRange     '0.0.5',
166 silly addNameRange     '0.0.7',
166 silly addNameRange     '0.0.9',
166 silly addNameRange     '0.0.10',
166 silly addNameRange     '0.0.11',
166 silly addNameRange     '0.0.12',
166 silly addNameRange     '0.0.13',
166 silly addNameRange     '0.0.14',
166 silly addNameRange     '0.1.0',
166 silly addNameRange     '0.2.0',
166 silly addNameRange     '0.2.1',
166 silly addNameRange     '1.0.0',
166 silly addNameRange     '1.0.1',
166 silly addNameRange     '1.0.2',
166 silly addNameRange     '1.0.3',
166 silly addNameRange     '1.0.4',
166 silly addNameRange     '1.0.5',
166 silly addNameRange     '1.1.0',
166 silly addNameRange     '1.3.0',
166 silly addNameRange     '1.3.2',
166 silly addNameRange     '1.3.3',
166 silly addNameRange     '1.3.4',
166 silly addNameRange     '1.3.6',
166 silly addNameRange     '1.3.5',
166 silly addNameRange     '1.3.7',
166 silly addNameRange     '2.0.0',
166 silly addNameRange     '2.0.1',
166 silly addNameRange     '2.0.2',
166 silly addNameRange     '2.0.3',
166 silly addNameRange     '2.0.4',
166 silly addNameRange     '2.0.5',
166 silly addNameRange     '2.0.6',
166 silly addNameRange     '2.0.7' ] ]
167 verbose addNamed [ 'gulp-stylus', '2.0.7' ]
168 verbose addNamed [ '2.0.7', '2.0.7' ]
169 silly lockFile 10b93a49-gulp-stylus-2-0-7 gulp-stylus@2.0.7
170 verbose lock gulp-stylus@2.0.7 /Users/mac/.npm/10b93a49-gulp-stylus-2-0-7.lock
171 silly lockFile 16a9aefe-ulp-stylus-gulp-stylus-2-0-7-tgz https://registry.npmjs.org/gulp-stylus/-/gulp-stylus-2.0.7.tgz
172 verbose lock https://registry.npmjs.org/gulp-stylus/-/gulp-stylus-2.0.7.tgz /Users/mac/.npm/16a9aefe-ulp-stylus-gulp-stylus-2-0-7-tgz.lock
173 verbose addRemoteTarball [ 'https://registry.npmjs.org/gulp-stylus/-/gulp-stylus-2.0.7.tgz',
173 verbose addRemoteTarball   'c8a6110ff6a868e41213e83c240dbd361de4c10a' ]
174 info retry fetch attempt 1 at 17:03:10
175 verbose fetch to= /var/folders/bl/765r3yk57ds0d_s63p99y6gh0000gn/T/npm-7578-9q4fuH5W/registry.npmjs.org/gulp-stylus/-/gulp-stylus-2.0.7.tgz
176 http GET https://registry.npmjs.org/gulp-stylus/-/gulp-stylus-2.0.7.tgz
177 http 200 https://registry.npmjs.org/coffee-script/-/coffee-script-1.10.0.tgz
178 http 200 https://registry.npmjs.org/gulp-stylus/-/gulp-stylus-2.0.7.tgz
179 silly lockFile 16a9aefe-ulp-stylus-gulp-stylus-2-0-7-tgz https://registry.npmjs.org/gulp-stylus/-/gulp-stylus-2.0.7.tgz
180 silly lockFile 16a9aefe-ulp-stylus-gulp-stylus-2-0-7-tgz https://registry.npmjs.org/gulp-stylus/-/gulp-stylus-2.0.7.tgz
181 silly lockFile 10b93a49-gulp-stylus-2-0-7 gulp-stylus@2.0.7
182 silly lockFile 10b93a49-gulp-stylus-2-0-7 gulp-stylus@2.0.7
183 silly lockFile a924a3a8-gulp-stylus gulp-stylus@
184 silly lockFile a924a3a8-gulp-stylus gulp-stylus@
185 silly lockFile 866fbf15--script-coffee-script-1-10-0-tgz https://registry.npmjs.org/coffee-script/-/coffee-script-1.10.0.tgz
186 silly lockFile 866fbf15--script-coffee-script-1-10-0-tgz https://registry.npmjs.org/coffee-script/-/coffee-script-1.10.0.tgz
187 silly lockFile 202ccfd7-coffee-script-1-10-0 coffee-script@1.10.0
188 silly lockFile 202ccfd7-coffee-script-1-10-0 coffee-script@1.10.0
189 silly lockFile 53951495-coffee-script coffee-script@
190 silly lockFile 53951495-coffee-script coffee-script@
191 error Error: EACCES, mkdir '/Users/mac/.npm/gulp-stylus/2.0.7'
191 error  { [Error: EACCES, mkdir '/Users/mac/.npm/gulp-stylus/2.0.7']
191 error   errno: 3,
191 error   code: 'EACCES',
191 error   path: '/Users/mac/.npm/gulp-stylus/2.0.7' }
192 error Please try running this command again as root/Administrator.
193 error System Darwin 14.0.0
194 error command "node" "/usr/local/bin/npm" "i" "gulp" "coffee-script" "gulp-jade" "gulp-stylus" "gulp-coffee" "--save-dev"
195 error cwd /Users/mac/Desktop/project-twitter/twitter
196 error node -v v0.10.33
197 error npm -v 1.4.28
198 error path /Users/mac/.npm/gulp-stylus/2.0.7
199 error code EACCES
200 error errno 3
201 error stack Error: EACCES, mkdir '/Users/mac/.npm/gulp-stylus/2.0.7'
202 verbose exit [ 3, true ]
